<?xml version="1.0" encoding="UTF-8"?>
<testsuite name="ohtuesimerkki.StatisticsTest" tests="6" skipped="0" failures="0" errors="0" timestamp="2020-01-17T06:37:20" hostname="Miika-MBP.home" time="0.005">
  <properties/>
  <testcase name="teamReturnsAllPlayers" classname="ohtuesimerkki.StatisticsTest" time="0.003"/>
  <testcase name="teamReturnsZeroUnexistingTeam" classname="ohtuesimerkki.StatisticsTest" time="0.001"/>
  <testcase name="ReturnTopScorersInRightOrder" classname="ohtuesimerkki.StatisticsTest" time="0.0"/>
  <testcase name="searchPlayerExists" classname="ohtuesimerkki.StatisticsTest" time="0.0"/>
  <testcase name="searchPlayerNotExists" classname="ohtuesimerkki.StatisticsTest" time="0.0"/>
  <testcase name="ReturnRightAmountOfTopScorers" classname="ohtuesimerkki.StatisticsTest" time="0.0"/>
  <system-out><![CDATA[]]></system-out>
  <system-err><![CDATA[]]></system-err>
</testsuite>
